<?xml version="1.0" encoding="UTF-8"?>
<!-- Generated by org.testng.reporters.JUnitReportReporter -->
<testsuite hostname="Mary" failures="0" tests="1" name="Amazon.Project_One_Amazon.Amz_Testcase_14" time="30.895" errors="0" timestamp="2024-04-11T16:36:47 IST" skipped="0">
  <testcase classname="Amazon.Project_One_Amazon.Amz_Testcase_14" name="give_rating" time="30.895"/>
  <system-out>
    <![CDATA[Testcase started
Clicked on sign in
successfully loged into the application
Orders page is opened
5 star rating is given to last order
Testcase passed]]>
  </system-out>
</testsuite> <!-- Amazon.Project_One_Amazon.Amz_Testcase_14 -->
