<?xml version="1.0" encoding="UTF-8"?>
<!-- Generated by org.testng.reporters.JUnitReportReporter -->
<testsuite hostname="Mary" failures="0" tests="1" name="Amazon.Project_One_Amazon.Amz_Testcase_2" time="23.255" errors="0" timestamp="2024-04-11T17:45:24 IST" skipped="0">
  <testcase classname="Amazon.Project_One_Amazon.Amz_Testcase_2" name="login_Steps_with_correct_details" time="23.255"/>
  <system-out>
    <![CDATA[Testcase started
Clicked on sign in button
Successfully login is completed
Testcase passed]]>
  </system-out>
</testsuite> <!-- Amazon.Project_One_Amazon.Amz_Testcase_2 -->
