<?xml version="1.0" encoding="UTF-8"?>
<!-- Generated by org.testng.reporters.JUnitReportReporter -->
<testsuite hostname="Mary" failures="0" tests="1" name="Amazon.Project_One_Amazon.Amz_Testcase_4" time="34.150" errors="0" timestamp="2024-04-11T14:40:14 IST" skipped="0">
  <testcase classname="Amazon.Project_One_Amazon.Amz_Testcase_4" name="profile_edit" time="34.150"/>
  <system-out>
    <![CDATA[Testcase started
Clicked on sign in button
Successfully login is completed
Name edited successfully
Testcase passed]]>
  </system-out>
</testsuite> <!-- Amazon.Project_One_Amazon.Amz_Testcase_4 -->
