<?xml version="1.0" encoding="UTF-8"?>
<!-- Generated by org.testng.reporters.JUnitReportReporter -->
<testsuite hostname="Mary" failures="0" tests="1" name="Amazon.Project_One_Amazon.Amz_Testcase_7" time="39.382" errors="0" timestamp="2024-04-11T15:09:05 IST" skipped="0">
  <testcase classname="Amazon.Project_One_Amazon.Amz_Testcase_7" name="product_details" time="39.382"/>
  <system-out>
    <![CDATA[Testcase started
Clicked on sign in
successfully loged into the application
Product details page has the information
Testcase passed]]>
  </system-out>
</testsuite> <!-- Amazon.Project_One_Amazon.Amz_Testcase_7 -->
