<?xml version="1.0" encoding="UTF-8"?>
<!-- Generated by org.testng.reporters.JUnitReportReporter -->
<testsuite hostname="Mary" failures="0" tests="1" name="Amazon.Project_One_Amazon.Amz_Testcase_9" time="55.489" errors="0" timestamp="2024-04-11T15:55:34 IST" skipped="0">
  <testcase classname="Amazon.Project_One_Amazon.Amz_Testcase_9" name="add_to_cart" time="55.489"/>
  <system-out>
    <![CDATA[Testcase started
Clicked on sign in
successfully loged into the application
Searched for shoe
Selected first shoe
Product added to the cart
Testcase passed]]>
  </system-out>
</testsuite> <!-- Amazon.Project_One_Amazon.Amz_Testcase_9 -->
