<?xml version="1.0" encoding="UTF-8"?>
<!-- Generated by org.testng.reporters.JUnitReportReporter -->
<testsuite hostname="Mary" failures="0" tests="1" name="Amazon.Project_One_Amazon.Amz_Testcase_13" time="45.938" errors="0" timestamp="2024-04-11T16:35:23 IST" skipped="0">
  <testcase classname="Amazon.Project_One_Amazon.Amz_Testcase_13" name="apply_coupon" time="45.938"/>
  <system-out>
    <![CDATA[Testcase started
Clicked on sign in
successfully loged into the application
Cart page is opened
click on proceed to buy
checkout page is opened
Coupon code entered
Testcase passed]]>
  </system-out>
</testsuite> <!-- Amazon.Project_One_Amazon.Amz_Testcase_13 -->
