<?xml version="1.0" encoding="UTF-8"?>
<!-- Generated by org.testng.reporters.JUnitReportReporter -->
<testsuite hostname="Mary" failures="0" tests="1" name="Amazon.Project_One_Amazon.Amz_Testcase_5" time="26.232" errors="0" timestamp="2024-04-11T14:41:43 IST" skipped="0">
  <testcase classname="Amazon.Project_One_Amazon.Amz_Testcase_5" name="search_shoe" time="26.232"/>
  <system-out>
    <![CDATA[Testcase started
Clicked on sign in button
Successfully login is completed
Successfully searched a product
Testcase passed]]>
  </system-out>
</testsuite> <!-- Amazon.Project_One_Amazon.Amz_Testcase_5 -->
