<?xml version="1.0" encoding="UTF-8"?>
<!-- Generated by org.testng.reporters.JUnitReportReporter -->
<testsuite hostname="Mary" failures="0" tests="1" name="Amazon.Project_One_Amazon.Amz_Testcase_6" time="40.797" errors="0" timestamp="2024-04-11T15:03:45 IST" skipped="0">
  <testcase classname="Amazon.Project_One_Amazon.Amz_Testcase_6" name="search_with_filters" time="40.797"/>
  <system-out>
    <![CDATA[Testcase started
Clicked on sign in
successfully loged into the application
successfully sorted the product
Testcase passed]]>
  </system-out>
</testsuite> <!-- Amazon.Project_One_Amazon.Amz_Testcase_6 -->
