<?xml version="1.0" encoding="UTF-8"?>
<!-- Generated by org.testng.reporters.JUnitReportReporter -->
<testsuite hostname="Mary" failures="0" tests="1" name="Amazon.Project_One_Amazon.Amz_Testcase_15" time="26.855" errors="0" timestamp="2024-04-11T16:38:19 IST" skipped="0">
  <testcase classname="Amazon.Project_One_Amazon.Amz_Testcase_15" name="without_login" time="26.855"/>
  <system-out>
    <![CDATA[Testcase started
Searched for shoe
Selected first shoe
Product added to the cart
Testcase passed]]>
  </system-out>
</testsuite> <!-- Amazon.Project_One_Amazon.Amz_Testcase_15 -->
