<?xml version="1.0" encoding="UTF-8"?>
<!-- Generated by org.testng.reporters.JUnitReportReporter -->
<testsuite hostname="Mary" failures="0" tests="1" name="Amazon.Project_One_Amazon.Amz_Testcase_10" time="52.814" errors="0" timestamp="2024-04-11T16:03:53 IST" skipped="0">
  <testcase classname="Amazon.Project_One_Amazon.Amz_Testcase_10" name="update_remove_items" time="52.814"/>
  <system-out>
    <![CDATA[Testcase started
Clicked on sign in
successfully loged into the application
Item updated in the cart
Item deleted from the cart
Testcase passed]]>
  </system-out>
</testsuite> <!-- Amazon.Project_One_Amazon.Amz_Testcase_10 -->
