<?xml version="1.0" encoding="UTF-8"?>
<!-- Generated by org.testng.reporters.JUnitReportReporter -->
<testsuite hostname="Mary" failures="0" tests="1" name="Amazon.Project_One_Amazon.Amz_Testcase_8" time="47.559" errors="0" timestamp="2024-04-11T15:53:17 IST" skipped="0">
  <testcase classname="Amazon.Project_One_Amazon.Amz_Testcase_8" name="sorting_shoe" time="47.559"/>
  <system-out>
    <![CDATA[Testcase started
Clicked on sign in
successfully loged into the application
Searched for shoe
Successfully sorted
Testcase passed]]>
  </system-out>
</testsuite> <!-- Amazon.Project_One_Amazon.Amz_Testcase_8 -->
